<?xml version="1.0" encoding="UTF-8"?>
<!-- Generated by org.testng.reporters.JUnitReportReporter -->
<testsuite hostname="LAPTOP-P5TRHBSI" failures="0" tests="1" name="Demo" time="26.804" errors="0" timestamp="2022-01-03T08:16:37 IST" skipped="0">
  <testcase classname="Demo" name="test" time="26.804"/>
  <system-out/>
</testsuite> <!-- Demo -->
